<?xml version="1.0" encoding="UTF-8"?>
<!-- Generated by org.testng.reporters.JUnitReportReporter -->
<testsuite hostname="PSL-1T9GDN3" failures="0" tests="1" name="com.test.Testpage" time="75.445" errors="0" timestamp="2022-09-27T22:05:48 IST" skipped="0">
  <testcase classname="com.test.Testpage" name="testMP" time="75.445"/>
  <system-out/>
</testsuite> <!-- com.test.Testpage -->
