<?xml version="1.0" encoding="UTF-8"?>
<!-- Generated by org.testng.reporters.JUnitReportReporter -->
<testsuite hostname="PSL-1T9GDN3" failures="0" tests="1" name="com.test.End_to_end_test" time="77.546" errors="0" timestamp="2022-10-13T15:23:40 IST" skipped="0">
  <testcase classname="com.test.End_to_end_test" name="testMP" time="77.546"/>
  <system-out/>
</testsuite> <!-- com.test.End_to_end_test -->
