<?xml version="1.0" encoding="UTF-8"?>
<!-- Generated by org.testng.reporters.JUnitReportReporter -->
<testsuite hostname="PSL-1T9GDN3" failures="0" tests="3" name="com.test.Register_test" time="23.337" errors="0" timestamp="2022-10-13T13:55:20 IST" skipped="0">
  <testcase classname="com.test.Register_test" name="RegisterValid" time="8.589"/>
  <system-out/>
  <testcase classname="com.test.Register_test" name="RegisterInValid" time="6.714"/>
  <system-out/>
  <testcase classname="com.test.Register_test" name="RegisterEmptyField" time="8.034"/>
  <system-out/>
</testsuite> <!-- com.test.Register_test -->
