<?xml version="1.0" encoding="UTF-8"?>
<!-- Generated by org.testng.reporters.JUnitReportReporter -->
<testsuite hostname="PSL-1T9GDN3" failures="0" tests="3" name="com.test.Features_test" time="49.504" errors="0" timestamp="2022-10-13T16:47:58 IST" skipped="0">
  <testcase classname="com.test.Features_test" name="Read" time="15.637"/>
  <system-out/>
  <testcase classname="com.test.Features_test" name="newsletterValid" time="18.284"/>
  <system-out/>
  <testcase classname="com.test.Features_test" name="newsletterInvalid" time="15.583"/>
  <system-out/>
</testsuite> <!-- com.test.Features_test -->
