<?xml version="1.0" encoding="UTF-8"?>
<!-- Generated by org.testng.reporters.JUnitReportReporter -->
<testsuite hostname="PSL-1T9GDN3" failures="0" tests="3" name="com.test.Test_Login" time="51.406" errors="0" timestamp="2022-09-30T17:32:02 IST" skipped="0">
  <testcase classname="com.test.Test_Login" name="TestCase1" time="18.920"/>
  <system-out/>
  <testcase classname="com.test.Test_Login" name="TestCase3" time="17.884"/>
  <system-out/>
  <testcase classname="com.test.Test_Login" name="TestCase2" time="14.602"/>
  <system-out/>
</testsuite> <!-- com.test.Test_Login -->
