<?xml version="1.0" encoding="UTF-8"?>
<!-- Generated by org.testng.reporters.JUnitReportReporter -->
<testsuite hostname="PSL-1T9GDN3" failures="0" tests="2" name="com.test.Download_test" time="53.016" errors="0" timestamp="2022-10-13T16:31:14 IST" skipped="0">
  <testcase classname="com.test.Download_test" name="testDwn" time="24.038"/>
  <system-out/>
  <testcase classname="com.test.Download_test" name="addExtension" time="28.978"/>
  <system-out/>
</testsuite> <!-- com.test.Download_test -->
