<?xml version="1.0" encoding="UTF-8"?>
<!-- Generated by org.testng.reporters.JUnitReportReporter -->
<testsuite hostname="PSL-1T9GDN3" failures="0" tests="6" name="com.test.Resources_test" time="97.992" errors="0" timestamp="2022-10-13T14:29:46 IST" skipped="0">
  <testcase classname="com.test.Resources_test" name="showcase" time="10.061"/>
  <system-out/>
  <testcase classname="com.test.Resources_test" name="contactUs" time="10.814"/>
  <system-out/>
  <testcase classname="com.test.Resources_test" name="partners" time="14.944"/>
  <system-out/>
  <testcase classname="com.test.Resources_test" name="Books" time="33.515"/>
  <system-out/>
  <testcase classname="com.test.Resources_test" name="git_bug_tracker" time="7.369"/>
  <system-out/>
  <testcase classname="com.test.Resources_test" name="forums" time="21.289"/>
  <system-out/>
</testsuite> <!-- com.test.Resources_test -->
