<?xml version="1.0" encoding="UTF-8"?>
<!-- Generated by org.testng.reporters.JUnitReportReporter -->
<testsuite hostname="PSL-1T9GDN3" failures="0" tests="1" name="com.test.Test_Resources" time="45.841" errors="0" timestamp="2022-09-30T17:32:02 IST" skipped="0">
  <testcase classname="com.test.Test_Resources" name="testMP" time="45.841"/>
  <system-out/>
</testsuite> <!-- com.test.Test_Resources -->
