<?xml version="1.0" encoding="UTF-8"?>
<!-- Generated by org.testng.reporters.JUnitReportReporter -->
<testsuite hostname="PSL-1T9GDN3" failures="0" tests="1" name="com.test.End_to_end_Marketplace" time="130.834" errors="0" timestamp="2022-10-10T16:16:22 IST" skipped="0">
  <testcase classname="com.test.End_to_end_Marketplace" name="testMP" time="130.834"/>
  <system-out/>
</testsuite> <!-- com.test.End_to_end_Marketplace -->
